<?xml version="1.0" encoding="utf-8"?><testsuites name="pytest tests"><testsuite name="pytest" errors="0" failures="0" skipped="0" tests="12" time="195.029" timestamp="2026-02-10T09:29:00.482918+01:00" hostname="simon-laptop"><testcase classname="tests.test_sdk" name="test_db_check_connection" time="0.276" /><testcase classname="tests.test_sdk" name="test_db_get_streams_and_datasets" time="0.259" /><testcase classname="tests.test_sdk" name="test_db_filter_datasets" time="10.944" /><testcase classname="tests.test_sdk" name="test_get_data" time="3.604" /><testcase classname="tests.test_sdk" name="test_get_signals" time="10.200" /><testcase classname="tests.test_sdk" name="test_test_dataset" time="10.385" /><testcase classname="tests.test_sdk" name="test_get_signal" time="10.781" /><testcase classname="tests.test_sdk" name="test_db_query_endpoint" time="0.075" /><testcase classname="tests.test_sdk" name="test_db_get_original" time="12.975" /><testcase classname="tests.test_sdk" name="test_db_get_parquet" time="12.700" /><testcase classname="tests.test_sdk" name="test_insight_mdb_signals" time="12.367" /><testcase classname="tests.test_sdk" name="test_insight_export" time="109.498" /></testsuite></testsuites>